
---
events:
  -
    kind: "message-v1"
    backtrace:
      - "C:/Users/Administrator/AppData/Local/vcpkg/downloads/tools/cmake-3.30.1-windows/cmake-3.30.1-windows-i386/share/cmake-3.30/Modules/CMakeDetermineSystem.cmake:205 (message)"
      - "CMakeLists.txt:11 (project)"
    message: |
      The system is: Windows - 10.0.26100 - x86
  -
    kind: "message-v1"
    backtrace:
      - "C:/Users/Administrator/AppData/Local/vcpkg/downloads/tools/cmake-3.30.1-windows/cmake-3.30.1-windows-i386/share/cmake-3.30/Modules/CMakeDetermineCompilerId.cmake:17 (message)"
      - "C:/Users/Administrator/AppData/Local/vcpkg/downloads/tools/cmake-3.30.1-windows/cmake-3.30.1-windows-i386/share/cmake-3.30/Modules/CMakeDetermineCompilerId.cmake:64 (__determine_compiler_id_test)"
      - "C:/Users/Administrator/AppData/Local/vcpkg/downloads/tools/cmake-3.30.1-windows/cmake-3.30.1-windows-i386/share/cmake-3.30/Modules/CMakeDetermineCCompiler.cmake:123 (CMAKE_DETERMINE_COMPILER_ID)"
      - "CMakeLists.txt:11 (project)"
    message: |
      Compiling the C compiler identification source file "CMakeCCompilerId.c" succeeded.
      Compiler: H:/Program Files/Microsoft Visual Studio/2022/Community/VC/Tools/MSVC/14.44.35207/bin/Hostx64/x86/cl.exe 
      Build flags: /nologo;/DWIN32;/D_WINDOWS;/utf-8;/MP
      Id flags:  
      
      The output was:
      0
      CMakeCCompilerId.c
      
      
      Compilation of the C compiler identification source "CMakeCCompilerId.c" produced "CMakeCCompilerId.exe"
      
      Compilation of the C compiler identification source "CMakeCCompilerId.c" produced "CMakeCCompilerId.obj"
      
      The C compiler identification is MSVC, found in:
        C:/Users/Administrator/Desktop/Taskbar-Lyrics/vcpkg_installed/vcpkg/blds/brotli/x86-windows-rel/CMakeFiles/3.30.1/CompilerIdC/CMakeCCompilerId.exe
      
  -
    kind: "message-v1"
    backtrace:
      - "C:/Users/Administrator/AppData/Local/vcpkg/downloads/tools/cmake-3.30.1-windows/cmake-3.30.1-windows-i386/share/cmake-3.30/Modules/CMakeDetermineCompilerId.cmake:1243 (message)"
      - "C:/Users/Administrator/AppData/Local/vcpkg/downloads/tools/cmake-3.30.1-windows/cmake-3.30.1-windows-i386/share/cmake-3.30/Modules/CMakeDetermineCompilerId.cmake:250 (CMAKE_DETERMINE_MSVC_SHOWINCLUDES_PREFIX)"
      - "C:/Users/Administrator/AppData/Local/vcpkg/downloads/tools/cmake-3.30.1-windows/cmake-3.30.1-windows-i386/share/cmake-3.30/Modules/CMakeDetermineCCompiler.cmake:123 (CMAKE_DETERMINE_COMPILER_ID)"
      - "CMakeLists.txt:11 (project)"
    message: |
      Detecting C compiler /showIncludes prefix:
        main.c
        注意: 包含文件:  C:\\Users\\Administrator\\Desktop\\Taskbar-Lyrics\\vcpkg_installed\\vcpkg\\blds\\brotli\\x86-windows-rel\\CMakeFiles\\ShowIncludes\\foo.h
        
      Found prefix "注意: 包含文件:  "
  -
    kind: "try_compile-v1"
    backtrace:
      - "C:/Users/Administrator/AppData/Local/vcpkg/downloads/tools/cmake-3.30.1-windows/cmake-3.30.1-windows-i386/share/cmake-3.30/Modules/CMakeDetermineCompilerABI.cmake:74 (try_compile)"
      - "C:/Users/Administrator/AppData/Local/vcpkg/downloads/tools/cmake-3.30.1-windows/cmake-3.30.1-windows-i386/share/cmake-3.30/Modules/CMakeTestCCompiler.cmake:26 (CMAKE_DETERMINE_COMPILER_ABI)"
      - "CMakeLists.txt:11 (project)"
    checks:
      - "Detecting C compiler ABI info"
    directories:
      source: "C:/Users/Administrator/Desktop/Taskbar-Lyrics/vcpkg_installed/vcpkg/blds/brotli/x86-windows-rel/CMakeFiles/CMakeScratch/TryCompile-l4mbnx"
      binary: "C:/Users/Administrator/Desktop/Taskbar-Lyrics/vcpkg_installed/vcpkg/blds/brotli/x86-windows-rel/CMakeFiles/CMakeScratch/TryCompile-l4mbnx"
    cmakeVariables:
      CMAKE_C_FLAGS: " /nologo /DWIN32 /D_WINDOWS /utf-8 /MP "
      CMAKE_C_FLAGS_DEBUG: "/MDd /Z7 /Ob0 /Od /RTC1 "
      CMAKE_EXE_LINKER_FLAGS: "/machine:X86"
      CMAKE_MSVC_DEBUG_INFORMATION_FORMAT: ""
      CMAKE_MSVC_RUNTIME_LIBRARY: "MultiThreaded$<$<CONFIG:Debug>:Debug>$<$<STREQUAL:dynamic,dynamic>:DLL>"
      VCPKG_CHAINLOAD_TOOLCHAIN_FILE: "H:/Program Files/Microsoft Visual Studio/2022/Community/VC/vcpkg/scripts/toolchains/windows.cmake"
      VCPKG_CRT_LINKAGE: "dynamic"
      VCPKG_CXX_FLAGS: ""
      VCPKG_CXX_FLAGS_DEBUG: ""
      VCPKG_CXX_FLAGS_RELEASE: ""
      VCPKG_C_FLAGS: ""
      VCPKG_C_FLAGS_DEBUG: ""
      VCPKG_C_FLAGS_RELEASE: ""
      VCPKG_INSTALLED_DIR: "C:/Users/Administrator/Desktop/Taskbar-Lyrics/vcpkg_installed"
      VCPKG_LINKER_FLAGS: ""
      VCPKG_LINKER_FLAGS_DEBUG: ""
      VCPKG_LINKER_FLAGS_RELEASE: ""
      VCPKG_PLATFORM_TOOLSET: "v143"
      VCPKG_PREFER_SYSTEM_LIBS: "OFF"
      VCPKG_SET_CHARSET_FLAG: "ON"
      VCPKG_TARGET_ARCHITECTURE: "x86"
      VCPKG_TARGET_TRIPLET: "x86-windows"
      Z_VCPKG_ROOT_DIR: "H:/Program Files/Microsoft Visual Studio/2022/Community/VC/vcpkg"
    buildResult:
      variable: "CMAKE_C_ABI_COMPILED"
      cached: true
      stdout: |
        Change Dir: 'C:/Users/Administrator/Desktop/Taskbar-Lyrics/vcpkg_installed/vcpkg/blds/brotli/x86-windows-rel/CMakeFiles/CMakeScratch/TryCompile-l4mbnx'
        
        Run Build Command(s): "H:/Program Files/Microsoft Visual Studio/2022/Community/Common7/IDE/CommonExtensions/Microsoft/CMake/Ninja/ninja.exe" -v cmTC_8b800
        [1/2] "H:\\Program Files\\MICROS~1\\2022\\COMMUN~1\\VC\\Tools\\MSVC\\1444~1.352\\bin\\Hostx64\\x86\\cl.exe"  /nologo   /nologo /DWIN32 /D_WINDOWS /utf-8 /MP   /MDd /Z7 /Ob0 /Od /RTC1  -MDd /showIncludes /FoCMakeFiles\\cmTC_8b800.dir\\CMakeCCompilerABI.c.obj /FdCMakeFiles\\cmTC_8b800.dir\\ /FS -c C:\\Users\\Administrator\\AppData\\Local\\vcpkg\\downloads\\tools\\cmake-3.30.1-windows\\cmake-3.30.1-windows-i386\\share\\cmake-3.30\\Modules\\CMakeCCompilerABI.c
        [2/2] C:\\Windows\\system32\\cmd.exe /C "cd . && C:\\Users\\Administrator\\AppData\\Local\\vcpkg\\downloads\\tools\\cmake-3.30.1-windows\\cmake-3.30.1-windows-i386\\bin\\cmake.exe -E vs_link_exe --intdir=CMakeFiles\\cmTC_8b800.dir --rc=H:\\WINDOW~1\\10\\bin\\100261~1.0\\x64\\rc.exe --mt=H:\\WINDOW~1\\10\\bin\\100261~1.0\\x64\\mt.exe --manifests  -- "H:\\Program Files\\MICROS~1\\2022\\COMMUN~1\\VC\\Tools\\MSVC\\1444~1.352\\bin\\Hostx64\\x86\\link.exe" /nologo CMakeFiles\\cmTC_8b800.dir\\CMakeCCompilerABI.c.obj  /out:cmTC_8b800.exe /implib:cmTC_8b800.lib /pdb:cmTC_8b800.pdb /version:0.0 /machine:X86  /nologo    /debug /INCREMENTAL /subsystem:console  kernel32.lib user32.lib gdi32.lib winspool.lib shell32.lib ole32.lib oleaut32.lib uuid.lib comdlg32.lib advapi32.lib && cd ."
        
      exitCode: 0
  -
    kind: "message-v1"
    backtrace:
      - "C:/Users/Administrator/AppData/Local/vcpkg/downloads/tools/cmake-3.30.1-windows/cmake-3.30.1-windows-i386/share/cmake-3.30/Modules/CMakeDetermineCompilerABI.cmake:218 (message)"
      - "C:/Users/Administrator/AppData/Local/vcpkg/downloads/tools/cmake-3.30.1-windows/cmake-3.30.1-windows-i386/share/cmake-3.30/Modules/CMakeTestCCompiler.cmake:26 (CMAKE_DETERMINE_COMPILER_ABI)"
      - "CMakeLists.txt:11 (project)"
    message: |
      Parsed C implicit link information:
        link line regex: [^( *|.*[/\\])(ld[0-9]*(\\.[a-z]+)?|link\\.exe|lld-link(\\.exe)?|CMAKE_LINK_STARTFILE-NOTFOUND|([^/\\]+-)?ld|collect2)[^/\\]*( |$)]
        linker tool regex: [^[ 	]*(->|")?[ 	]*(([^"]*[/\\])?(ld[0-9]*(\\.[a-z]+)?|link\\.exe|lld-link(\\.exe)?))("|,| |$)]
        implicit libs: []
        implicit objs: []
        implicit dirs: []
        implicit fwks: []
      
      
  -
    kind: "try_compile-v1"
    backtrace:
      - "C:/Users/Administrator/AppData/Local/vcpkg/downloads/tools/cmake-3.30.1-windows/cmake-3.30.1-windows-i386/share/cmake-3.30/Modules/Internal/CheckSourceCompiles.cmake:101 (try_compile)"
      - "C:/Users/Administrator/AppData/Local/vcpkg/downloads/tools/cmake-3.30.1-windows/cmake-3.30.1-windows-i386/share/cmake-3.30/Modules/CheckCSourceCompiles.cmake:52 (cmake_check_source_compiles)"
      - "CMakeLists.txt:23 (check_c_source_compiles)"
    checks:
      - "Performing Test BROTLI_EMSCRIPTEN"
    directories:
      source: "C:/Users/Administrator/Desktop/Taskbar-Lyrics/vcpkg_installed/vcpkg/blds/brotli/x86-windows-rel/CMakeFiles/CMakeScratch/TryCompile-r7cfj0"
      binary: "C:/Users/Administrator/Desktop/Taskbar-Lyrics/vcpkg_installed/vcpkg/blds/brotli/x86-windows-rel/CMakeFiles/CMakeScratch/TryCompile-r7cfj0"
    cmakeVariables:
      CMAKE_C_FLAGS: " /nologo /DWIN32 /D_WINDOWS /utf-8 /MP "
      CMAKE_C_FLAGS_DEBUG: "/MDd /Z7 /Ob0 /Od /RTC1 "
      CMAKE_EXE_LINKER_FLAGS: "/machine:X86"
      CMAKE_MSVC_DEBUG_INFORMATION_FORMAT: ""
      CMAKE_MSVC_RUNTIME_LIBRARY: "MultiThreaded$<$<CONFIG:Debug>:Debug>$<$<STREQUAL:dynamic,dynamic>:DLL>"
      VCPKG_CHAINLOAD_TOOLCHAIN_FILE: "H:/Program Files/Microsoft Visual Studio/2022/Community/VC/vcpkg/scripts/toolchains/windows.cmake"
      VCPKG_CRT_LINKAGE: "dynamic"
      VCPKG_CXX_FLAGS: ""
      VCPKG_CXX_FLAGS_DEBUG: ""
      VCPKG_CXX_FLAGS_RELEASE: ""
      VCPKG_C_FLAGS: ""
      VCPKG_C_FLAGS_DEBUG: ""
      VCPKG_C_FLAGS_RELEASE: ""
      VCPKG_INSTALLED_DIR: "C:/Users/Administrator/Desktop/Taskbar-Lyrics/vcpkg_installed"
      VCPKG_LINKER_FLAGS: ""
      VCPKG_LINKER_FLAGS_DEBUG: ""
      VCPKG_LINKER_FLAGS_RELEASE: ""
      VCPKG_PLATFORM_TOOLSET: "v143"
      VCPKG_PREFER_SYSTEM_LIBS: "OFF"
      VCPKG_SET_CHARSET_FLAG: "ON"
      VCPKG_TARGET_ARCHITECTURE: "x86"
      VCPKG_TARGET_TRIPLET: "x86-windows"
      Z_VCPKG_ROOT_DIR: "H:/Program Files/Microsoft Visual Studio/2022/Community/VC/vcpkg"
    buildResult:
      variable: "BROTLI_EMSCRIPTEN"
      cached: true
      stdout: |
        Change Dir: 'C:/Users/Administrator/Desktop/Taskbar-Lyrics/vcpkg_installed/vcpkg/blds/brotli/x86-windows-rel/CMakeFiles/CMakeScratch/TryCompile-r7cfj0'
        
        Run Build Command(s): "H:/Program Files/Microsoft Visual Studio/2022/Community/Common7/IDE/CommonExtensions/Microsoft/CMake/Ninja/ninja.exe" -v cmTC_6297d
        [1/2] "H:\\Program Files\\MICROS~1\\2022\\COMMUN~1\\VC\\Tools\\MSVC\\1444~1.352\\bin\\Hostx64\\x86\\cl.exe"  /nologo -DBROTLI_EMSCRIPTEN  /nologo /DWIN32 /D_WINDOWS /utf-8 /MP   /MDd /Z7 /Ob0 /Od /RTC1  -MDd /showIncludes /FoCMakeFiles\\cmTC_6297d.dir\\src.c.obj /FdCMakeFiles\\cmTC_6297d.dir\\ /FS -c C:\\Users\\Administrator\\Desktop\\Taskbar-Lyrics\\vcpkg_installed\\vcpkg\\blds\\brotli\\x86-windows-rel\\CMakeFiles\\CMakeScratch\\TryCompile-r7cfj0\\src.c
        [2/2] C:\\Windows\\system32\\cmd.exe /C "cd . && C:\\Users\\Administrator\\AppData\\Local\\vcpkg\\downloads\\tools\\cmake-3.30.1-windows\\cmake-3.30.1-windows-i386\\bin\\cmake.exe -E vs_link_exe --intdir=CMakeFiles\\cmTC_6297d.dir --rc=H:\\WINDOW~1\\10\\bin\\100261~1.0\\x64\\rc.exe --mt=H:\\WINDOW~1\\10\\bin\\100261~1.0\\x64\\mt.exe --manifests  -- "H:\\Program Files\\MICROS~1\\2022\\COMMUN~1\\VC\\Tools\\MSVC\\1444~1.352\\bin\\Hostx64\\x86\\link.exe" /nologo CMakeFiles\\cmTC_6297d.dir\\src.c.obj  /out:cmTC_6297d.exe /implib:cmTC_6297d.lib /pdb:cmTC_6297d.pdb /version:0.0 /machine:X86  /nologo    /debug /INCREMENTAL /subsystem:console  kernel32.lib user32.lib gdi32.lib winspool.lib shell32.lib ole32.lib oleaut32.lib uuid.lib comdlg32.lib advapi32.lib && cd ."
        FAILED: cmTC_6297d.exe 
        C:\\Windows\\system32\\cmd.exe /C "cd . && C:\\Users\\Administrator\\AppData\\Local\\vcpkg\\downloads\\tools\\cmake-3.30.1-windows\\cmake-3.30.1-windows-i386\\bin\\cmake.exe -E vs_link_exe --intdir=CMakeFiles\\cmTC_6297d.dir --rc=H:\\WINDOW~1\\10\\bin\\100261~1.0\\x64\\rc.exe --mt=H:\\WINDOW~1\\10\\bin\\100261~1.0\\x64\\mt.exe --manifests  -- "H:\\Program Files\\MICROS~1\\2022\\COMMUN~1\\VC\\Tools\\MSVC\\1444~1.352\\bin\\Hostx64\\x86\\link.exe" /nologo CMakeFiles\\cmTC_6297d.dir\\src.c.obj  /out:cmTC_6297d.exe /implib:cmTC_6297d.lib /pdb:cmTC_6297d.pdb /version:0.0 /machine:X86  /nologo    /debug /INCREMENTAL /subsystem:console  kernel32.lib user32.lib gdi32.lib winspool.lib shell32.lib ole32.lib oleaut32.lib uuid.lib comdlg32.lib advapi32.lib && cd ."
        LINK Pass 1: command "H:\\Program Files\\MICROS~1\\2022\\COMMUN~1\\VC\\Tools\\MSVC\\1444~1.352\\bin\\Hostx64\\x86\\link.exe /nologo CMakeFiles\\cmTC_6297d.dir\\src.c.obj /out:cmTC_6297d.exe /implib:cmTC_6297d.lib /pdb:cmTC_6297d.pdb /version:0.0 /machine:X86 /nologo /debug /INCREMENTAL /subsystem:console kernel32.lib user32.lib gdi32.lib winspool.lib shell32.lib ole32.lib oleaut32.lib uuid.lib comdlg32.lib advapi32.lib /MANIFEST /MANIFESTFILE:CMakeFiles\\cmTC_6297d.dir/intermediate.manifest CMakeFiles\\cmTC_6297d.dir/manifest.res" failed (exit code 1120) with the following output:
        MSVCRTD.lib(exe_main.obj) : error LNK2019: 无法解析的外部符号 _main，函数 "int __cdecl invoke_main(void)" (?invoke_main@@YAHXZ) 中引用了该符号
        cmTC_6297d.exe : fatal error LNK1120: 1 个无法解析的外部命令\x0d
        ninja: build stopped: subcommand failed.
        
      exitCode: 1
  -
    kind: "try_compile-v1"
    backtrace:
      - "C:/Users/Administrator/AppData/Local/vcpkg/downloads/tools/cmake-3.30.1-windows/cmake-3.30.1-windows-i386/share/cmake-3.30/Modules/CheckFunctionExists.cmake:86 (try_compile)"
      - "CMakeLists.txt:82 (CHECK_FUNCTION_EXISTS)"
    checks:
      - "Looking for log2"
    directories:
      source: "C:/Users/Administrator/Desktop/Taskbar-Lyrics/vcpkg_installed/vcpkg/blds/brotli/x86-windows-rel/CMakeFiles/CMakeScratch/TryCompile-q7n5l6"
      binary: "C:/Users/Administrator/Desktop/Taskbar-Lyrics/vcpkg_installed/vcpkg/blds/brotli/x86-windows-rel/CMakeFiles/CMakeScratch/TryCompile-q7n5l6"
    cmakeVariables:
      CMAKE_C_FLAGS: " /nologo /DWIN32 /D_WINDOWS /utf-8 /MP "
      CMAKE_C_FLAGS_DEBUG: "/MDd /Z7 /Ob0 /Od /RTC1 "
      CMAKE_EXE_LINKER_FLAGS: "/machine:X86"
      CMAKE_MSVC_DEBUG_INFORMATION_FORMAT: ""
      CMAKE_MSVC_RUNTIME_LIBRARY: "MultiThreaded$<$<CONFIG:Debug>:Debug>$<$<STREQUAL:dynamic,dynamic>:DLL>"
      VCPKG_CHAINLOAD_TOOLCHAIN_FILE: "H:/Program Files/Microsoft Visual Studio/2022/Community/VC/vcpkg/scripts/toolchains/windows.cmake"
      VCPKG_CRT_LINKAGE: "dynamic"
      VCPKG_CXX_FLAGS: ""
      VCPKG_CXX_FLAGS_DEBUG: ""
      VCPKG_CXX_FLAGS_RELEASE: ""
      VCPKG_C_FLAGS: ""
      VCPKG_C_FLAGS_DEBUG: ""
      VCPKG_C_FLAGS_RELEASE: ""
      VCPKG_INSTALLED_DIR: "C:/Users/Administrator/Desktop/Taskbar-Lyrics/vcpkg_installed"
      VCPKG_LINKER_FLAGS: ""
      VCPKG_LINKER_FLAGS_DEBUG: ""
      VCPKG_LINKER_FLAGS_RELEASE: ""
      VCPKG_PLATFORM_TOOLSET: "v143"
      VCPKG_PREFER_SYSTEM_LIBS: "OFF"
      VCPKG_SET_CHARSET_FLAG: "ON"
      VCPKG_TARGET_ARCHITECTURE: "x86"
      VCPKG_TARGET_TRIPLET: "x86-windows"
      Z_VCPKG_ROOT_DIR: "H:/Program Files/Microsoft Visual Studio/2022/Community/VC/vcpkg"
    buildResult:
      variable: "LOG2_RES"
      cached: true
      stdout: |
        Change Dir: 'C:/Users/Administrator/Desktop/Taskbar-Lyrics/vcpkg_installed/vcpkg/blds/brotli/x86-windows-rel/CMakeFiles/CMakeScratch/TryCompile-q7n5l6'
        
        Run Build Command(s): "H:/Program Files/Microsoft Visual Studio/2022/Community/Common7/IDE/CommonExtensions/Microsoft/CMake/Ninja/ninja.exe" -v cmTC_51744
        [1/2] "H:\\Program Files\\MICROS~1\\2022\\COMMUN~1\\VC\\Tools\\MSVC\\1444~1.352\\bin\\Hostx64\\x86\\cl.exe"  /nologo   /nologo /DWIN32 /D_WINDOWS /utf-8 /MP  -DCHECK_FUNCTION_EXISTS=log2 /MDd /Z7 /Ob0 /Od /RTC1  -MDd /showIncludes /FoCMakeFiles\\cmTC_51744.dir\\CheckFunctionExists.c.obj /FdCMakeFiles\\cmTC_51744.dir\\ /FS -c C:\\Users\\Administrator\\Desktop\\Taskbar-Lyrics\\vcpkg_installed\\vcpkg\\blds\\brotli\\x86-windows-rel\\CMakeFiles\\CMakeScratch\\TryCompile-q7n5l6\\CheckFunctionExists.c
        [2/2] C:\\Windows\\system32\\cmd.exe /C "cd . && C:\\Users\\Administrator\\AppData\\Local\\vcpkg\\downloads\\tools\\cmake-3.30.1-windows\\cmake-3.30.1-windows-i386\\bin\\cmake.exe -E vs_link_exe --intdir=CMakeFiles\\cmTC_51744.dir --rc=H:\\WINDOW~1\\10\\bin\\100261~1.0\\x64\\rc.exe --mt=H:\\WINDOW~1\\10\\bin\\100261~1.0\\x64\\mt.exe --manifests  -- "H:\\Program Files\\MICROS~1\\2022\\COMMUN~1\\VC\\Tools\\MSVC\\1444~1.352\\bin\\Hostx64\\x86\\link.exe" /nologo CMakeFiles\\cmTC_51744.dir\\CheckFunctionExists.c.obj  /out:cmTC_51744.exe /implib:cmTC_51744.lib /pdb:cmTC_51744.pdb /version:0.0 /machine:X86  /nologo    /debug /INCREMENTAL /subsystem:console  kernel32.lib user32.lib gdi32.lib winspool.lib shell32.lib ole32.lib oleaut32.lib uuid.lib comdlg32.lib advapi32.lib && cd ."
        
      exitCode: 0
...
