[33;1mVERBOSE: Resolving base path C:/Users/Administrator/Desktop/Taskbar-Lyrics/vcpkg_installed/vcpkg/pkgs/brotli_x86-windows/tools/brotli/brotli.exe...[0m
[33;1mVERBOSE: Resolving C:/Users/Administrator/Desktop/Taskbar-Lyrics/vcpkg_installed/vcpkg/pkgs/brotli_x86-windows/tools/brotli/brotli.exe...[0m
[33;1mVERBOSE:   brotlienc.dll: Copying C:\Users\Administrator\Desktop\Taskbar-Lyrics\vcpkg_installed\vcpkg\pkgs\brotli_x86-windows\bin\brotlienc.dll[0m
[33;1mVERBOSE: Resolving C:\Users\Administrator\Desktop\Taskbar-Lyrics\vcpkg_installed\vcpkg\pkgs\brotli_x86-windows\tools\brotli\brotlienc.dll...[0m
[33;1mVERBOSE:   brotlicommon.dll: Copying C:\Users\Administrator\Desktop\Taskbar-Lyrics\vcpkg_installed\vcpkg\pkgs\brotli_x86-windows\bin\brotlicommon.dll[0m
[33;1mVERBOSE: Resolving C:\Users\Administrator\Desktop\Taskbar-Lyrics\vcpkg_installed\vcpkg\pkgs\brotli_x86-windows\tools\brotli\brotlicommon.dll...[0m
[33;1mVERBOSE:   VCRUNTIME140.dll: C:\Users\Administrator\Desktop\Taskbar-Lyrics\vcpkg_installed\vcpkg\pkgs\brotli_x86-windows\bin\VCRUNTIME140.dll not found[0m
[33;1mVERBOSE:   api-ms-win-crt-heap-l1-1-0.dll: C:\Users\Administrator\Desktop\Taskbar-Lyrics\vcpkg_installed\vcpkg\pkgs\brotli_x86-windows\bin\api-ms-win-crt-heap-l1-1-0.dll not found[0m
[33;1mVERBOSE:   api-ms-win-crt-runtime-l1-1-0.dll: C:\Users\Administrator\Desktop\Taskbar-Lyrics\vcpkg_installed\vcpkg\pkgs\brotli_x86-windows\bin\api-ms-win-crt-runtime-l1-1-0.dll not found[0m
[33;1mVERBOSE:   KERNEL32.dll: C:\Users\Administrator\Desktop\Taskbar-Lyrics\vcpkg_installed\vcpkg\pkgs\brotli_x86-windows\bin\KERNEL32.dll not found[0m
[33;1mVERBOSE: Done Resolving C:\Users\Administrator\Desktop\Taskbar-Lyrics\vcpkg_installed\vcpkg\pkgs\brotli_x86-windows\tools\brotli\brotlicommon.dll.[0m
[33;1mVERBOSE:   VCRUNTIME140.dll: previously searched - Skip[0m
[33;1mVERBOSE:   api-ms-win-crt-math-l1-1-0.dll: C:\Users\Administrator\Desktop\Taskbar-Lyrics\vcpkg_installed\vcpkg\pkgs\brotli_x86-windows\bin\api-ms-win-crt-math-l1-1-0.dll not found[0m
[33;1mVERBOSE:   api-ms-win-crt-heap-l1-1-0.dll: previously searched - Skip[0m
[33;1mVERBOSE:   api-ms-win-crt-runtime-l1-1-0.dll: previously searched - Skip[0m
[33;1mVERBOSE:   KERNEL32.dll: previously searched - Skip[0m
[33;1mVERBOSE: Done Resolving C:\Users\Administrator\Desktop\Taskbar-Lyrics\vcpkg_installed\vcpkg\pkgs\brotli_x86-windows\tools\brotli\brotlienc.dll.[0m
[33;1mVERBOSE:   brotlidec.dll: Copying C:\Users\Administrator\Desktop\Taskbar-Lyrics\vcpkg_installed\vcpkg\pkgs\brotli_x86-windows\bin\brotlidec.dll[0m
[33;1mVERBOSE: Resolving C:\Users\Administrator\Desktop\Taskbar-Lyrics\vcpkg_installed\vcpkg\pkgs\brotli_x86-windows\tools\brotli\brotlidec.dll...[0m
[33;1mVERBOSE:   brotlicommon.dll: previously searched - Skip[0m
[33;1mVERBOSE:   VCRUNTIME140.dll: previously searched - Skip[0m
[33;1mVERBOSE:   api-ms-win-crt-heap-l1-1-0.dll: previously searched - Skip[0m
[33;1mVERBOSE:   api-ms-win-crt-runtime-l1-1-0.dll: previously searched - Skip[0m
[33;1mVERBOSE:   KERNEL32.dll: previously searched - Skip[0m
[33;1mVERBOSE: Done Resolving C:\Users\Administrator\Desktop\Taskbar-Lyrics\vcpkg_installed\vcpkg\pkgs\brotli_x86-windows\tools\brotli\brotlidec.dll.[0m
[33;1mVERBOSE:   VCRUNTIME140.dll: previously searched - Skip[0m
[33;1mVERBOSE:   api-ms-win-crt-runtime-l1-1-0.dll: previously searched - Skip[0m
[33;1mVERBOSE:   api-ms-win-crt-stdio-l1-1-0.dll: C:\Users\Administrator\Desktop\Taskbar-Lyrics\vcpkg_installed\vcpkg\pkgs\brotli_x86-windows\bin\api-ms-win-crt-stdio-l1-1-0.dll not found[0m
[33;1mVERBOSE:   api-ms-win-crt-math-l1-1-0.dll: previously searched - Skip[0m
[33;1mVERBOSE:   api-ms-win-crt-filesystem-l1-1-0.dll: C:\Users\Administrator\Desktop\Taskbar-Lyrics\vcpkg_installed\vcpkg\pkgs\brotli_x86-windows\bin\api-ms-win-crt-filesystem-l1-1-0.dll not found[0m
[33;1mVERBOSE:   api-ms-win-crt-heap-l1-1-0.dll: previously searched - Skip[0m
[33;1mVERBOSE:   api-ms-win-crt-string-l1-1-0.dll: C:\Users\Administrator\Desktop\Taskbar-Lyrics\vcpkg_installed\vcpkg\pkgs\brotli_x86-windows\bin\api-ms-win-crt-string-l1-1-0.dll not found[0m
[33;1mVERBOSE:   api-ms-win-crt-time-l1-1-0.dll: C:\Users\Administrator\Desktop\Taskbar-Lyrics\vcpkg_installed\vcpkg\pkgs\brotli_x86-windows\bin\api-ms-win-crt-time-l1-1-0.dll not found[0m
[33;1mVERBOSE:   api-ms-win-crt-locale-l1-1-0.dll: C:\Users\Administrator\Desktop\Taskbar-Lyrics\vcpkg_installed\vcpkg\pkgs\brotli_x86-windows\bin\api-ms-win-crt-locale-l1-1-0.dll not found[0m
[33;1mVERBOSE:   KERNEL32.dll: previously searched - Skip[0m
[33;1mVERBOSE: Done Resolving C:/Users/Administrator/Desktop/Taskbar-Lyrics/vcpkg_installed/vcpkg/pkgs/brotli_x86-windows/tools/brotli/brotli.exe.[0m
[33;1mVERBOSE: 
Name                           Value
----                           -----
api-ms-win-crt-time-l1-1-0.dll True
brotlicommon.dll               True
api-ms-win-crt-math-l1-1-0.dll True
brotlidec.dll                  True
api-ms-win-crt-stdio-l1-1-0.d… True
VCRUNTIME140.dll               True
api-ms-win-crt-locale-l1-1-0.… True
api-ms-win-crt-heap-l1-1-0.dll True
api-ms-win-crt-string-l1-1-0.… True
api-ms-win-crt-runtime-l1-1-0… True
api-ms-win-crt-filesystem-l1-… True
KERNEL32.dll                   True
brotlienc.dll                  True

[0m
