[33;1mVERBOSE: Resolving base path C:/Users/Administrator/Desktop/Taskbar-Lyrics/vcpkg_installed/vcpkg/pkgs/brotli_x86-windows/tools/brotli/brotlienc.dll...[0m
[33;1mVERBOSE: Resolving C:/Users/Administrator/Desktop/Taskbar-Lyrics/vcpkg_installed/vcpkg/pkgs/brotli_x86-windows/tools/brotli/brotlienc.dll...[0m
[33;1mVERBOSE:   brotlicommon.dll: brotlicommon.dll not found in C:\Users\Administrator\Desktop\Taskbar-Lyrics\vcpkg_installed\x86-windows; locally deployed[0m
[33;1mVERBOSE: Resolving C:\Users\Administrator\Desktop\Taskbar-Lyrics\vcpkg_installed\vcpkg\pkgs\brotli_x86-windows\tools\brotli\brotlicommon.dll...[0m
[33;1mVERBOSE:   VCRUNTIME140.dll: C:\Users\Administrator\Desktop\Taskbar-Lyrics\vcpkg_installed\x86-windows\bin\VCRUNTIME140.dll not found[0m
[33;1mVERBOSE:   api-ms-win-crt-heap-l1-1-0.dll: C:\Users\Administrator\Desktop\Taskbar-Lyrics\vcpkg_installed\x86-windows\bin\api-ms-win-crt-heap-l1-1-0.dll not found[0m
[33;1mVERBOSE:   api-ms-win-crt-runtime-l1-1-0.dll: C:\Users\Administrator\Desktop\Taskbar-Lyrics\vcpkg_installed\x86-windows\bin\api-ms-win-crt-runtime-l1-1-0.dll not found[0m
[33;1mVERBOSE:   KERNEL32.dll: C:\Users\Administrator\Desktop\Taskbar-Lyrics\vcpkg_installed\x86-windows\bin\KERNEL32.dll not found[0m
[33;1mVERBOSE: Done Resolving C:\Users\Administrator\Desktop\Taskbar-Lyrics\vcpkg_installed\vcpkg\pkgs\brotli_x86-windows\tools\brotli\brotlicommon.dll.[0m
[33;1mVERBOSE:   VCRUNTIME140.dll: previously searched - Skip[0m
[33;1mVERBOSE:   api-ms-win-crt-math-l1-1-0.dll: C:\Users\Administrator\Desktop\Taskbar-Lyrics\vcpkg_installed\x86-windows\bin\api-ms-win-crt-math-l1-1-0.dll not found[0m
[33;1mVERBOSE:   api-ms-win-crt-heap-l1-1-0.dll: previously searched - Skip[0m
[33;1mVERBOSE:   api-ms-win-crt-runtime-l1-1-0.dll: previously searched - Skip[0m
[33;1mVERBOSE:   KERNEL32.dll: previously searched - Skip[0m
[33;1mVERBOSE: Done Resolving C:/Users/Administrator/Desktop/Taskbar-Lyrics/vcpkg_installed/vcpkg/pkgs/brotli_x86-windows/tools/brotli/brotlienc.dll.[0m
[33;1mVERBOSE: 
Name                           Value
----                           -----
api-ms-win-crt-math-l1-1-0.dll True
api-ms-win-crt-runtime-l1-1-0… True
VCRUNTIME140.dll               True
KERNEL32.dll                   True
api-ms-win-crt-heap-l1-1-0.dll True
brotlicommon.dll               True

[0m
