-- Found external ninja('1.12.1').
-- Configuring x86-windows
[1/1] "C:/Users/Administrator/AppData/Local/vcpkg/downloads/tools/cmake-3.30.1-windows/cmake-3.30.1-windows-i386/bin/cmake.exe" -E chdir ".." "C:/Users/Administrator/AppData/Local/vcpkg/downloads/tools/cmake-3.30.1-windows/cmake-3.30.1-windows-i386/bin/cmake.exe" "H:/Program Files/Microsoft Visual Studio/2022/Community/VC/vcpkg/scripts/detect_compiler" "-G" "Ninja" "-DCMAKE_BUILD_TYPE=Release" "-DCMAKE_INSTALL_PREFIX=C:/Users/Administrator/Desktop/Taskbar-Lyrics/vcpkg_installed/vcpkg/pkgs/detect_compiler_x86-windows" "-DVCPKG_COMPILER_CACHE_FILE=C:/Users/Administrator/Desktop/Taskbar-Lyrics/vcpkg_installed/vcpkg/compiler-file-hash-cache.json" "-DCMAKE_MAKE_PROGRAM=H:/Program Files/Microsoft Visual Studio/2022/Community/Common7/IDE/CommonExtensions/Microsoft/CMake/Ninja/ninja.exe" "-DBUILD_SHARED_LIBS=ON" "-DVCPKG_CHAINLOAD_TOOLCHAIN_FILE=H:/Program Files/Microsoft Visual Studio/2022/Community/VC/vcpkg/scripts/toolchains/windows.cmake" "-DVCPKG_TARGET_TRIPLET=x86-windows" "-DVCPKG_SET_CHARSET_FLAG=ON" "-DVCPKG_PLATFORM_TOOLSET=v143" "-DCMAKE_EXPORT_NO_PACKAGE_REGISTRY=ON" "-DCMAKE_FIND_PACKAGE_NO_PACKAGE_REGISTRY=ON" "-DCMAKE_FIND_PACKAGE_NO_SYSTEM_PACKAGE_REGISTRY=ON" "-DCMAKE_INSTALL_SYSTEM_RUNTIME_LIBS_SKIP=TRUE" "-DCMAKE_VERBOSE_MAKEFILE=ON" "-DVCPKG_APPLOCAL_DEPS=OFF" "-DCMAKE_TOOLCHAIN_FILE=H:/Program Files/Microsoft Visual Studio/2022/Community/VC/vcpkg/scripts/buildsystems/vcpkg.cmake" "-DCMAKE_ERROR_ON_ABSOLUTE_INSTALL_DESTINATION=ON" "-DVCPKG_CXX_FLAGS=" "-DVCPKG_CXX_FLAGS_RELEASE=" "-DVCPKG_CXX_FLAGS_DEBUG=" "-DVCPKG_C_FLAGS=" "-DVCPKG_C_FLAGS_RELEASE=" "-DVCPKG_C_FLAGS_DEBUG=" "-DVCPKG_CRT_LINKAGE=dynamic" "-DVCPKG_LINKER_FLAGS=" "-DVCPKG_LINKER_FLAGS_RELEASE=" "-DVCPKG_LINKER_FLAGS_DEBUG=" "-DVCPKG_TARGET_ARCHITECTURE=x86" "-DCMAKE_INSTALL_LIBDIR:STRING=lib" "-DCMAKE_INSTALL_BINDIR:STRING=bin" "-D_VCPKG_ROOT_DIR=H:/Program Files/Microsoft Visual Studio/2022/Community/VC/vcpkg" "-DZ_VCPKG_ROOT_DIR=H:/Program Files/Microsoft Visual Studio/2022/Community/VC/vcpkg" "-D_VCPKG_INSTALLED_DIR=C:/Users/Administrator/Desktop/Taskbar-Lyrics/vcpkg_installed" "-DVCPKG_MANIFEST_INSTALL=OFF"
-- The C compiler identification is MSVC 19.44.35209.0
-- The CXX compiler identification is MSVC 19.44.35209.0
#COMPILER_HASH#61cf1290eba5abfacff0ecb6ebe5ca978b7e38a5
#COMPILER_C_HASH#e1fe32b31c7e6a24ab854697369b5dc0f8e467b9
#COMPILER_C_VERSION#19.44.35209.0
#COMPILER_C_ID#MSVC
#COMPILER_C_PATH#H:/Program Files/Microsoft Visual Studio/2022/Community/VC/Tools/MSVC/14.44.35207/bin/Hostx64/x86/cl.exe
#COMPILER_CXX_HASH#e1fe32b31c7e6a24ab854697369b5dc0f8e467b9
#COMPILER_CXX_VERSION#19.44.35209.0
#COMPILER_CXX_ID#MSVC
#COMPILER_CXX_PATH#H:/Program Files/Microsoft Visual Studio/2022/Community/VC/Tools/MSVC/14.44.35207/bin/Hostx64/x86/cl.exe
-- Configuring done (2.1s)
-- Generating done (0.1s)
CMake Warning:
  Manually-specified variables were not used by the project:

    BUILD_SHARED_LIBS
    CMAKE_INSTALL_BINDIR
    CMAKE_INSTALL_LIBDIR
    _VCPKG_ROOT_DIR


-- Build files have been written to: C:/Users/Administrator/Desktop/Taskbar-Lyrics/vcpkg_installed/vcpkg/blds/detect_compiler/x86-windows-rel

