
---
events:
  -
    kind: "message-v1"
    backtrace:
      - "C:/Users/Administrator/AppData/Local/vcpkg/downloads/tools/cmake-3.30.1-windows/cmake-3.30.1-windows-i386/share/cmake-3.30/Modules/CMakeDetermineSystem.cmake:205 (message)"
      - "CMakeLists.txt:78 (project)"
    message: |
      The system is: Windows - 10.0.26100 - x86
  -
    kind: "message-v1"
    backtrace:
      - "C:/Users/Administrator/AppData/Local/vcpkg/downloads/tools/cmake-3.30.1-windows/cmake-3.30.1-windows-i386/share/cmake-3.30/Modules/CMakeDetermineCompilerId.cmake:17 (message)"
      - "C:/Users/Administrator/AppData/Local/vcpkg/downloads/tools/cmake-3.30.1-windows/cmake-3.30.1-windows-i386/share/cmake-3.30/Modules/CMakeDetermineCompilerId.cmake:64 (__determine_compiler_id_test)"
      - "C:/Users/Administrator/AppData/Local/vcpkg/downloads/tools/cmake-3.30.1-windows/cmake-3.30.1-windows-i386/share/cmake-3.30/Modules/CMakeDetermineCXXCompiler.cmake:126 (CMAKE_DETERMINE_COMPILER_ID)"
      - "CMakeLists.txt:78 (project)"
    message: |
      Compiling the CXX compiler identification source file "CMakeCXXCompilerId.cpp" succeeded.
      Compiler: H:/Program Files/Microsoft Visual Studio/2022/Community/VC/Tools/MSVC/14.44.35207/bin/Hostx64/x86/cl.exe 
      Build flags: /nologo;/DWIN32;/D_WINDOWS;/utf-8;/GR;/EHsc;/MP
      Id flags:  
      
      The output was:
      0
      CMakeCXXCompilerId.cpp
      
      
      Compilation of the CXX compiler identification source "CMakeCXXCompilerId.cpp" produced "CMakeCXXCompilerId.exe"
      
      Compilation of the CXX compiler identification source "CMakeCXXCompilerId.cpp" produced "CMakeCXXCompilerId.obj"
      
      The CXX compiler identification is MSVC, found in:
        C:/Users/Administrator/Desktop/Taskbar-Lyrics/vcpkg_installed/vcpkg/blds/cpp-httplib/x86-windows-rel/CMakeFiles/3.30.1/CompilerIdCXX/CMakeCXXCompilerId.exe
      
  -
    kind: "message-v1"
    backtrace:
      - "C:/Users/Administrator/AppData/Local/vcpkg/downloads/tools/cmake-3.30.1-windows/cmake-3.30.1-windows-i386/share/cmake-3.30/Modules/CMakeDetermineCompilerId.cmake:1243 (message)"
      - "C:/Users/Administrator/AppData/Local/vcpkg/downloads/tools/cmake-3.30.1-windows/cmake-3.30.1-windows-i386/share/cmake-3.30/Modules/CMakeDetermineCompilerId.cmake:250 (CMAKE_DETERMINE_MSVC_SHOWINCLUDES_PREFIX)"
      - "C:/Users/Administrator/AppData/Local/vcpkg/downloads/tools/cmake-3.30.1-windows/cmake-3.30.1-windows-i386/share/cmake-3.30/Modules/CMakeDetermineCXXCompiler.cmake:126 (CMAKE_DETERMINE_COMPILER_ID)"
      - "CMakeLists.txt:78 (project)"
    message: |
      Detecting CXX compiler /showIncludes prefix:
        main.c
        注意: 包含文件:  C:\\Users\\Administrator\\Desktop\\Taskbar-Lyrics\\vcpkg_installed\\vcpkg\\blds\\cpp-httplib\\x86-windows-rel\\CMakeFiles\\ShowIncludes\\foo.h
        
      Found prefix "注意: 包含文件:  "
  -
    kind: "try_compile-v1"
    backtrace:
      - "C:/Users/Administrator/AppData/Local/vcpkg/downloads/tools/cmake-3.30.1-windows/cmake-3.30.1-windows-i386/share/cmake-3.30/Modules/CMakeDetermineCompilerABI.cmake:74 (try_compile)"
      - "C:/Users/Administrator/AppData/Local/vcpkg/downloads/tools/cmake-3.30.1-windows/cmake-3.30.1-windows-i386/share/cmake-3.30/Modules/CMakeTestCXXCompiler.cmake:26 (CMAKE_DETERMINE_COMPILER_ABI)"
      - "CMakeLists.txt:78 (project)"
    checks:
      - "Detecting CXX compiler ABI info"
    directories:
      source: "C:/Users/Administrator/Desktop/Taskbar-Lyrics/vcpkg_installed/vcpkg/blds/cpp-httplib/x86-windows-rel/CMakeFiles/CMakeScratch/TryCompile-1diq2b"
      binary: "C:/Users/Administrator/Desktop/Taskbar-Lyrics/vcpkg_installed/vcpkg/blds/cpp-httplib/x86-windows-rel/CMakeFiles/CMakeScratch/TryCompile-1diq2b"
    cmakeVariables:
      CMAKE_CXX_FLAGS: " /nologo /DWIN32 /D_WINDOWS /utf-8 /GR /EHsc /MP "
      CMAKE_CXX_FLAGS_DEBUG: "/MDd /Z7 /Ob0 /Od /RTC1 "
      CMAKE_CXX_SCAN_FOR_MODULES: "OFF"
      CMAKE_EXE_LINKER_FLAGS: "/machine:X86"
      CMAKE_MSVC_DEBUG_INFORMATION_FORMAT: ""
      CMAKE_MSVC_RUNTIME_LIBRARY: "MultiThreaded$<$<CONFIG:Debug>:Debug>$<$<STREQUAL:dynamic,dynamic>:DLL>"
      VCPKG_CHAINLOAD_TOOLCHAIN_FILE: "H:/Program Files/Microsoft Visual Studio/2022/Community/VC/vcpkg/scripts/toolchains/windows.cmake"
      VCPKG_CRT_LINKAGE: "dynamic"
      VCPKG_CXX_FLAGS: ""
      VCPKG_CXX_FLAGS_DEBUG: ""
      VCPKG_CXX_FLAGS_RELEASE: ""
      VCPKG_C_FLAGS: ""
      VCPKG_C_FLAGS_DEBUG: ""
      VCPKG_C_FLAGS_RELEASE: ""
      VCPKG_INSTALLED_DIR: "C:/Users/Administrator/Desktop/Taskbar-Lyrics/vcpkg_installed"
      VCPKG_LINKER_FLAGS: ""
      VCPKG_LINKER_FLAGS_DEBUG: ""
      VCPKG_LINKER_FLAGS_RELEASE: ""
      VCPKG_PLATFORM_TOOLSET: "v143"
      VCPKG_PREFER_SYSTEM_LIBS: "OFF"
      VCPKG_SET_CHARSET_FLAG: "ON"
      VCPKG_TARGET_ARCHITECTURE: "x86"
      VCPKG_TARGET_TRIPLET: "x86-windows"
      Z_VCPKG_ROOT_DIR: "H:/Program Files/Microsoft Visual Studio/2022/Community/VC/vcpkg"
    buildResult:
      variable: "CMAKE_CXX_ABI_COMPILED"
      cached: true
      stdout: |
        Change Dir: 'C:/Users/Administrator/Desktop/Taskbar-Lyrics/vcpkg_installed/vcpkg/blds/cpp-httplib/x86-windows-rel/CMakeFiles/CMakeScratch/TryCompile-1diq2b'
        
        Run Build Command(s): "H:/Program Files/Microsoft Visual Studio/2022/Community/Common7/IDE/CommonExtensions/Microsoft/CMake/Ninja/ninja.exe" -v cmTC_09521
        [1/2] "H:\\Program Files\\MICROS~1\\2022\\COMMUN~1\\VC\\Tools\\MSVC\\1444~1.352\\bin\\Hostx64\\x86\\cl.exe"  /nologo /TP   /nologo /DWIN32 /D_WINDOWS /utf-8 /GR /EHsc /MP   /MDd /Z7 /Ob0 /Od /RTC1 /showIncludes /FoCMakeFiles\\cmTC_09521.dir\\CMakeCXXCompilerABI.cpp.obj /FdCMakeFiles\\cmTC_09521.dir\\ /FS -c C:\\Users\\Administrator\\AppData\\Local\\vcpkg\\downloads\\tools\\cmake-3.30.1-windows\\cmake-3.30.1-windows-i386\\share\\cmake-3.30\\Modules\\CMakeCXXCompilerABI.cpp
        [2/2] C:\\Windows\\system32\\cmd.exe /C "cd . && C:\\Users\\Administrator\\AppData\\Local\\vcpkg\\downloads\\tools\\cmake-3.30.1-windows\\cmake-3.30.1-windows-i386\\bin\\cmake.exe -E vs_link_exe --intdir=CMakeFiles\\cmTC_09521.dir --rc=H:\\WINDOW~1\\10\\bin\\100261~1.0\\x64\\rc.exe --mt=H:\\WINDOW~1\\10\\bin\\100261~1.0\\x64\\mt.exe --manifests  -- "H:\\Program Files\\MICROS~1\\2022\\COMMUN~1\\VC\\Tools\\MSVC\\1444~1.352\\bin\\Hostx64\\x86\\link.exe" /nologo CMakeFiles\\cmTC_09521.dir\\CMakeCXXCompilerABI.cpp.obj  /out:cmTC_09521.exe /implib:cmTC_09521.lib /pdb:cmTC_09521.pdb /version:0.0 /machine:X86  /nologo    /debug /INCREMENTAL /subsystem:console  kernel32.lib user32.lib gdi32.lib winspool.lib shell32.lib ole32.lib oleaut32.lib uuid.lib comdlg32.lib advapi32.lib && cd ."
        
      exitCode: 0
  -
    kind: "message-v1"
    backtrace:
      - "C:/Users/Administrator/AppData/Local/vcpkg/downloads/tools/cmake-3.30.1-windows/cmake-3.30.1-windows-i386/share/cmake-3.30/Modules/CMakeDetermineCompilerABI.cmake:218 (message)"
      - "C:/Users/Administrator/AppData/Local/vcpkg/downloads/tools/cmake-3.30.1-windows/cmake-3.30.1-windows-i386/share/cmake-3.30/Modules/CMakeTestCXXCompiler.cmake:26 (CMAKE_DETERMINE_COMPILER_ABI)"
      - "CMakeLists.txt:78 (project)"
    message: |
      Parsed CXX implicit link information:
        link line regex: [^( *|.*[/\\])(ld[0-9]*(\\.[a-z]+)?|link\\.exe|lld-link(\\.exe)?|CMAKE_LINK_STARTFILE-NOTFOUND|([^/\\]+-)?ld|collect2)[^/\\]*( |$)]
        linker tool regex: [^[ 	]*(->|")?[ 	]*(([^"]*[/\\])?(ld[0-9]*(\\.[a-z]+)?|link\\.exe|lld-link(\\.exe)?))("|,| |$)]
        implicit libs: []
        implicit objs: []
        implicit dirs: []
        implicit fwks: []
      
      
  -
    kind: "try_compile-v1"
    backtrace:
      - "C:/Users/Administrator/AppData/Local/vcpkg/downloads/tools/cmake-3.30.1-windows/cmake-3.30.1-windows-i386/share/cmake-3.30/Modules/Internal/CheckSourceCompiles.cmake:101 (try_compile)"
      - "C:/Users/Administrator/AppData/Local/vcpkg/downloads/tools/cmake-3.30.1-windows/cmake-3.30.1-windows-i386/share/cmake-3.30/Modules/CheckCXXSourceCompiles.cmake:52 (cmake_check_source_compiles)"
      - "C:/Users/Administrator/AppData/Local/vcpkg/downloads/tools/cmake-3.30.1-windows/cmake-3.30.1-windows-i386/share/cmake-3.30/Modules/FindThreads.cmake:99 (CHECK_CXX_SOURCE_COMPILES)"
      - "C:/Users/Administrator/AppData/Local/vcpkg/downloads/tools/cmake-3.30.1-windows/cmake-3.30.1-windows-i386/share/cmake-3.30/Modules/FindThreads.cmake:163 (_threads_check_libc)"
      - "H:/Program Files/Microsoft Visual Studio/2022/Community/VC/vcpkg/scripts/buildsystems/vcpkg.cmake:893 (_find_package)"
      - "CMakeLists.txt:123 (find_package)"
    checks:
      - "Performing Test CMAKE_HAVE_LIBC_PTHREAD"
    directories:
      source: "C:/Users/Administrator/Desktop/Taskbar-Lyrics/vcpkg_installed/vcpkg/blds/cpp-httplib/x86-windows-rel/CMakeFiles/CMakeScratch/TryCompile-2ggq5g"
      binary: "C:/Users/Administrator/Desktop/Taskbar-Lyrics/vcpkg_installed/vcpkg/blds/cpp-httplib/x86-windows-rel/CMakeFiles/CMakeScratch/TryCompile-2ggq5g"
    cmakeVariables:
      CMAKE_CXX_FLAGS: " /nologo /DWIN32 /D_WINDOWS /utf-8 /GR /EHsc /MP "
      CMAKE_CXX_FLAGS_DEBUG: "/MDd /Z7 /Ob0 /Od /RTC1 "
      CMAKE_EXE_LINKER_FLAGS: "/machine:X86"
      CMAKE_MSVC_DEBUG_INFORMATION_FORMAT: ""
      CMAKE_MSVC_RUNTIME_LIBRARY: "MultiThreaded$<$<CONFIG:Debug>:Debug>$<$<STREQUAL:dynamic,dynamic>:DLL>"
      VCPKG_CHAINLOAD_TOOLCHAIN_FILE: "H:/Program Files/Microsoft Visual Studio/2022/Community/VC/vcpkg/scripts/toolchains/windows.cmake"
      VCPKG_CRT_LINKAGE: "dynamic"
      VCPKG_CXX_FLAGS: ""
      VCPKG_CXX_FLAGS_DEBUG: ""
      VCPKG_CXX_FLAGS_RELEASE: ""
      VCPKG_C_FLAGS: ""
      VCPKG_C_FLAGS_DEBUG: ""
      VCPKG_C_FLAGS_RELEASE: ""
      VCPKG_INSTALLED_DIR: "C:/Users/Administrator/Desktop/Taskbar-Lyrics/vcpkg_installed"
      VCPKG_LINKER_FLAGS: ""
      VCPKG_LINKER_FLAGS_DEBUG: ""
      VCPKG_LINKER_FLAGS_RELEASE: ""
      VCPKG_PLATFORM_TOOLSET: "v143"
      VCPKG_PREFER_SYSTEM_LIBS: "OFF"
      VCPKG_SET_CHARSET_FLAG: "ON"
      VCPKG_TARGET_ARCHITECTURE: "x86"
      VCPKG_TARGET_TRIPLET: "x86-windows"
      Z_VCPKG_ROOT_DIR: "H:/Program Files/Microsoft Visual Studio/2022/Community/VC/vcpkg"
    buildResult:
      variable: "CMAKE_HAVE_LIBC_PTHREAD"
      cached: true
      stdout: |
        Change Dir: 'C:/Users/Administrator/Desktop/Taskbar-Lyrics/vcpkg_installed/vcpkg/blds/cpp-httplib/x86-windows-rel/CMakeFiles/CMakeScratch/TryCompile-2ggq5g'
        
        Run Build Command(s): "H:/Program Files/Microsoft Visual Studio/2022/Community/Common7/IDE/CommonExtensions/Microsoft/CMake/Ninja/ninja.exe" -v cmTC_38a5a
        [1/2] "H:\\Program Files\\MICROS~1\\2022\\COMMUN~1\\VC\\Tools\\MSVC\\1444~1.352\\bin\\Hostx64\\x86\\cl.exe"  /nologo /TP -DCMAKE_HAVE_LIBC_PTHREAD  /nologo /DWIN32 /D_WINDOWS /utf-8 /GR /EHsc /MP   /MDd /Z7 /Ob0 /Od /RTC1 /showIncludes /FoCMakeFiles\\cmTC_38a5a.dir\\src.cxx.obj /FdCMakeFiles\\cmTC_38a5a.dir\\ /FS -c C:\\Users\\Administrator\\Desktop\\Taskbar-Lyrics\\vcpkg_installed\\vcpkg\\blds\\cpp-httplib\\x86-windows-rel\\CMakeFiles\\CMakeScratch\\TryCompile-2ggq5g\\src.cxx
        FAILED: CMakeFiles/cmTC_38a5a.dir/src.cxx.obj 
        "H:\\Program Files\\MICROS~1\\2022\\COMMUN~1\\VC\\Tools\\MSVC\\1444~1.352\\bin\\Hostx64\\x86\\cl.exe"  /nologo /TP -DCMAKE_HAVE_LIBC_PTHREAD  /nologo /DWIN32 /D_WINDOWS /utf-8 /GR /EHsc /MP   /MDd /Z7 /Ob0 /Od /RTC1 /showIncludes /FoCMakeFiles\\cmTC_38a5a.dir\\src.cxx.obj /FdCMakeFiles\\cmTC_38a5a.dir\\ /FS -c C:\\Users\\Administrator\\Desktop\\Taskbar-Lyrics\\vcpkg_installed\\vcpkg\\blds\\cpp-httplib\\x86-windows-rel\\CMakeFiles\\CMakeScratch\\TryCompile-2ggq5g\\src.cxx
        C:\\Users\\Administrator\\Desktop\\Taskbar-Lyrics\\vcpkg_installed\\vcpkg\\blds\\cpp-httplib\\x86-windows-rel\\CMakeFiles\\CMakeScratch\\TryCompile-2ggq5g\\src.cxx(1): fatal error C1083: 无法打开包括文件: “pthread.h”: No such file or directory
        ninja: build stopped: subcommand failed.
        
      exitCode: 1
  -
    kind: "try_compile-v1"
    backtrace:
      - "C:/Users/Administrator/AppData/Local/vcpkg/downloads/tools/cmake-3.30.1-windows/cmake-3.30.1-windows-i386/share/cmake-3.30/Modules/CheckLibraryExists.cmake:69 (try_compile)"
      - "C:/Users/Administrator/AppData/Local/vcpkg/downloads/tools/cmake-3.30.1-windows/cmake-3.30.1-windows-i386/share/cmake-3.30/Modules/FindThreads.cmake:112 (CHECK_LIBRARY_EXISTS)"
      - "C:/Users/Administrator/AppData/Local/vcpkg/downloads/tools/cmake-3.30.1-windows/cmake-3.30.1-windows-i386/share/cmake-3.30/Modules/FindThreads.cmake:175 (_threads_check_lib)"
      - "H:/Program Files/Microsoft Visual Studio/2022/Community/VC/vcpkg/scripts/buildsystems/vcpkg.cmake:893 (_find_package)"
      - "CMakeLists.txt:123 (find_package)"
    checks:
      - "Looking for pthread_create in pthreads"
    directories:
      source: "C:/Users/Administrator/Desktop/Taskbar-Lyrics/vcpkg_installed/vcpkg/blds/cpp-httplib/x86-windows-rel/CMakeFiles/CMakeScratch/TryCompile-x6r1g2"
      binary: "C:/Users/Administrator/Desktop/Taskbar-Lyrics/vcpkg_installed/vcpkg/blds/cpp-httplib/x86-windows-rel/CMakeFiles/CMakeScratch/TryCompile-x6r1g2"
    cmakeVariables:
      CMAKE_CXX_FLAGS: " /nologo /DWIN32 /D_WINDOWS /utf-8 /GR /EHsc /MP "
      CMAKE_CXX_FLAGS_DEBUG: "/MDd /Z7 /Ob0 /Od /RTC1 "
      CMAKE_EXE_LINKER_FLAGS: "/machine:X86"
      CMAKE_MSVC_DEBUG_INFORMATION_FORMAT: ""
      CMAKE_MSVC_RUNTIME_LIBRARY: "MultiThreaded$<$<CONFIG:Debug>:Debug>$<$<STREQUAL:dynamic,dynamic>:DLL>"
      VCPKG_CHAINLOAD_TOOLCHAIN_FILE: "H:/Program Files/Microsoft Visual Studio/2022/Community/VC/vcpkg/scripts/toolchains/windows.cmake"
      VCPKG_CRT_LINKAGE: "dynamic"
      VCPKG_CXX_FLAGS: ""
      VCPKG_CXX_FLAGS_DEBUG: ""
      VCPKG_CXX_FLAGS_RELEASE: ""
      VCPKG_C_FLAGS: ""
      VCPKG_C_FLAGS_DEBUG: ""
      VCPKG_C_FLAGS_RELEASE: ""
      VCPKG_INSTALLED_DIR: "C:/Users/Administrator/Desktop/Taskbar-Lyrics/vcpkg_installed"
      VCPKG_LINKER_FLAGS: ""
      VCPKG_LINKER_FLAGS_DEBUG: ""
      VCPKG_LINKER_FLAGS_RELEASE: ""
      VCPKG_PLATFORM_TOOLSET: "v143"
      VCPKG_PREFER_SYSTEM_LIBS: "OFF"
      VCPKG_SET_CHARSET_FLAG: "ON"
      VCPKG_TARGET_ARCHITECTURE: "x86"
      VCPKG_TARGET_TRIPLET: "x86-windows"
      Z_VCPKG_ROOT_DIR: "H:/Program Files/Microsoft Visual Studio/2022/Community/VC/vcpkg"
    buildResult:
      variable: "CMAKE_HAVE_PTHREADS_CREATE"
      cached: true
      stdout: |
        Change Dir: 'C:/Users/Administrator/Desktop/Taskbar-Lyrics/vcpkg_installed/vcpkg/blds/cpp-httplib/x86-windows-rel/CMakeFiles/CMakeScratch/TryCompile-x6r1g2'
        
        Run Build Command(s): "H:/Program Files/Microsoft Visual Studio/2022/Community/Common7/IDE/CommonExtensions/Microsoft/CMake/Ninja/ninja.exe" -v cmTC_00abd
        [1/2] "H:\\Program Files\\MICROS~1\\2022\\COMMUN~1\\VC\\Tools\\MSVC\\1444~1.352\\bin\\Hostx64\\x86\\cl.exe"  /nologo /TP   /nologo /DWIN32 /D_WINDOWS /utf-8 /GR /EHsc /MP  -DCHECK_FUNCTION_EXISTS=pthread_create /MDd /Z7 /Ob0 /Od /RTC1 /showIncludes /FoCMakeFiles\\cmTC_00abd.dir\\CheckFunctionExists.cxx.obj /FdCMakeFiles\\cmTC_00abd.dir\\ /FS -c C:\\Users\\Administrator\\Desktop\\Taskbar-Lyrics\\vcpkg_installed\\vcpkg\\blds\\cpp-httplib\\x86-windows-rel\\CMakeFiles\\CMakeScratch\\TryCompile-x6r1g2\\CheckFunctionExists.cxx
        [2/2] C:\\Windows\\system32\\cmd.exe /C "cd . && C:\\Users\\Administrator\\AppData\\Local\\vcpkg\\downloads\\tools\\cmake-3.30.1-windows\\cmake-3.30.1-windows-i386\\bin\\cmake.exe -E vs_link_exe --intdir=CMakeFiles\\cmTC_00abd.dir --rc=H:\\WINDOW~1\\10\\bin\\100261~1.0\\x64\\rc.exe --mt=H:\\WINDOW~1\\10\\bin\\100261~1.0\\x64\\mt.exe --manifests  -- "H:\\Program Files\\MICROS~1\\2022\\COMMUN~1\\VC\\Tools\\MSVC\\1444~1.352\\bin\\Hostx64\\x86\\link.exe" /nologo CMakeFiles\\cmTC_00abd.dir\\CheckFunctionExists.cxx.obj  /out:cmTC_00abd.exe /implib:cmTC_00abd.lib /pdb:cmTC_00abd.pdb /version:0.0 /machine:X86  /nologo    /debug /INCREMENTAL /subsystem:console  pthreads.lib  kernel32.lib user32.lib gdi32.lib winspool.lib shell32.lib ole32.lib oleaut32.lib uuid.lib comdlg32.lib advapi32.lib && cd ."
        FAILED: cmTC_00abd.exe 
        C:\\Windows\\system32\\cmd.exe /C "cd . && C:\\Users\\Administrator\\AppData\\Local\\vcpkg\\downloads\\tools\\cmake-3.30.1-windows\\cmake-3.30.1-windows-i386\\bin\\cmake.exe -E vs_link_exe --intdir=CMakeFiles\\cmTC_00abd.dir --rc=H:\\WINDOW~1\\10\\bin\\100261~1.0\\x64\\rc.exe --mt=H:\\WINDOW~1\\10\\bin\\100261~1.0\\x64\\mt.exe --manifests  -- "H:\\Program Files\\MICROS~1\\2022\\COMMUN~1\\VC\\Tools\\MSVC\\1444~1.352\\bin\\Hostx64\\x86\\link.exe" /nologo CMakeFiles\\cmTC_00abd.dir\\CheckFunctionExists.cxx.obj  /out:cmTC_00abd.exe /implib:cmTC_00abd.lib /pdb:cmTC_00abd.pdb /version:0.0 /machine:X86  /nologo    /debug /INCREMENTAL /subsystem:console  pthreads.lib  kernel32.lib user32.lib gdi32.lib winspool.lib shell32.lib ole32.lib oleaut32.lib uuid.lib comdlg32.lib advapi32.lib && cd ."
        LINK Pass 1: command "H:\\Program Files\\MICROS~1\\2022\\COMMUN~1\\VC\\Tools\\MSVC\\1444~1.352\\bin\\Hostx64\\x86\\link.exe /nologo CMakeFiles\\cmTC_00abd.dir\\CheckFunctionExists.cxx.obj /out:cmTC_00abd.exe /implib:cmTC_00abd.lib /pdb:cmTC_00abd.pdb /version:0.0 /machine:X86 /nologo /debug /INCREMENTAL /subsystem:console pthreads.lib kernel32.lib user32.lib gdi32.lib winspool.lib shell32.lib ole32.lib oleaut32.lib uuid.lib comdlg32.lib advapi32.lib /MANIFEST /MANIFESTFILE:CMakeFiles\\cmTC_00abd.dir/intermediate.manifest CMakeFiles\\cmTC_00abd.dir/manifest.res" failed (exit code 1104) with the following output:
        LINK : fatal error LNK1104: 无法打开文件“pthreads.lib”\x0d
        ninja: build stopped: subcommand failed.
        
      exitCode: 1
  -
    kind: "try_compile-v1"
    backtrace:
      - "C:/Users/Administrator/AppData/Local/vcpkg/downloads/tools/cmake-3.30.1-windows/cmake-3.30.1-windows-i386/share/cmake-3.30/Modules/CheckLibraryExists.cmake:69 (try_compile)"
      - "C:/Users/Administrator/AppData/Local/vcpkg/downloads/tools/cmake-3.30.1-windows/cmake-3.30.1-windows-i386/share/cmake-3.30/Modules/FindThreads.cmake:112 (CHECK_LIBRARY_EXISTS)"
      - "C:/Users/Administrator/AppData/Local/vcpkg/downloads/tools/cmake-3.30.1-windows/cmake-3.30.1-windows-i386/share/cmake-3.30/Modules/FindThreads.cmake:176 (_threads_check_lib)"
      - "H:/Program Files/Microsoft Visual Studio/2022/Community/VC/vcpkg/scripts/buildsystems/vcpkg.cmake:893 (_find_package)"
      - "CMakeLists.txt:123 (find_package)"
    checks:
      - "Looking for pthread_create in pthread"
    directories:
      source: "C:/Users/Administrator/Desktop/Taskbar-Lyrics/vcpkg_installed/vcpkg/blds/cpp-httplib/x86-windows-rel/CMakeFiles/CMakeScratch/TryCompile-qeuhza"
      binary: "C:/Users/Administrator/Desktop/Taskbar-Lyrics/vcpkg_installed/vcpkg/blds/cpp-httplib/x86-windows-rel/CMakeFiles/CMakeScratch/TryCompile-qeuhza"
    cmakeVariables:
      CMAKE_CXX_FLAGS: " /nologo /DWIN32 /D_WINDOWS /utf-8 /GR /EHsc /MP "
      CMAKE_CXX_FLAGS_DEBUG: "/MDd /Z7 /Ob0 /Od /RTC1 "
      CMAKE_EXE_LINKER_FLAGS: "/machine:X86"
      CMAKE_MSVC_DEBUG_INFORMATION_FORMAT: ""
      CMAKE_MSVC_RUNTIME_LIBRARY: "MultiThreaded$<$<CONFIG:Debug>:Debug>$<$<STREQUAL:dynamic,dynamic>:DLL>"
      VCPKG_CHAINLOAD_TOOLCHAIN_FILE: "H:/Program Files/Microsoft Visual Studio/2022/Community/VC/vcpkg/scripts/toolchains/windows.cmake"
      VCPKG_CRT_LINKAGE: "dynamic"
      VCPKG_CXX_FLAGS: ""
      VCPKG_CXX_FLAGS_DEBUG: ""
      VCPKG_CXX_FLAGS_RELEASE: ""
      VCPKG_C_FLAGS: ""
      VCPKG_C_FLAGS_DEBUG: ""
      VCPKG_C_FLAGS_RELEASE: ""
      VCPKG_INSTALLED_DIR: "C:/Users/Administrator/Desktop/Taskbar-Lyrics/vcpkg_installed"
      VCPKG_LINKER_FLAGS: ""
      VCPKG_LINKER_FLAGS_DEBUG: ""
      VCPKG_LINKER_FLAGS_RELEASE: ""
      VCPKG_PLATFORM_TOOLSET: "v143"
      VCPKG_PREFER_SYSTEM_LIBS: "OFF"
      VCPKG_SET_CHARSET_FLAG: "ON"
      VCPKG_TARGET_ARCHITECTURE: "x86"
      VCPKG_TARGET_TRIPLET: "x86-windows"
      Z_VCPKG_ROOT_DIR: "H:/Program Files/Microsoft Visual Studio/2022/Community/VC/vcpkg"
    buildResult:
      variable: "CMAKE_HAVE_PTHREAD_CREATE"
      cached: true
      stdout: |
        Change Dir: 'C:/Users/Administrator/Desktop/Taskbar-Lyrics/vcpkg_installed/vcpkg/blds/cpp-httplib/x86-windows-rel/CMakeFiles/CMakeScratch/TryCompile-qeuhza'
        
        Run Build Command(s): "H:/Program Files/Microsoft Visual Studio/2022/Community/Common7/IDE/CommonExtensions/Microsoft/CMake/Ninja/ninja.exe" -v cmTC_74b6a
        [1/2] "H:\\Program Files\\MICROS~1\\2022\\COMMUN~1\\VC\\Tools\\MSVC\\1444~1.352\\bin\\Hostx64\\x86\\cl.exe"  /nologo /TP   /nologo /DWIN32 /D_WINDOWS /utf-8 /GR /EHsc /MP  -DCHECK_FUNCTION_EXISTS=pthread_create /MDd /Z7 /Ob0 /Od /RTC1 /showIncludes /FoCMakeFiles\\cmTC_74b6a.dir\\CheckFunctionExists.cxx.obj /FdCMakeFiles\\cmTC_74b6a.dir\\ /FS -c C:\\Users\\Administrator\\Desktop\\Taskbar-Lyrics\\vcpkg_installed\\vcpkg\\blds\\cpp-httplib\\x86-windows-rel\\CMakeFiles\\CMakeScratch\\TryCompile-qeuhza\\CheckFunctionExists.cxx
        [2/2] C:\\Windows\\system32\\cmd.exe /C "cd . && C:\\Users\\Administrator\\AppData\\Local\\vcpkg\\downloads\\tools\\cmake-3.30.1-windows\\cmake-3.30.1-windows-i386\\bin\\cmake.exe -E vs_link_exe --intdir=CMakeFiles\\cmTC_74b6a.dir --rc=H:\\WINDOW~1\\10\\bin\\100261~1.0\\x64\\rc.exe --mt=H:\\WINDOW~1\\10\\bin\\100261~1.0\\x64\\mt.exe --manifests  -- "H:\\Program Files\\MICROS~1\\2022\\COMMUN~1\\VC\\Tools\\MSVC\\1444~1.352\\bin\\Hostx64\\x86\\link.exe" /nologo CMakeFiles\\cmTC_74b6a.dir\\CheckFunctionExists.cxx.obj  /out:cmTC_74b6a.exe /implib:cmTC_74b6a.lib /pdb:cmTC_74b6a.pdb /version:0.0 /machine:X86  /nologo    /debug /INCREMENTAL /subsystem:console  pthread.lib  kernel32.lib user32.lib gdi32.lib winspool.lib shell32.lib ole32.lib oleaut32.lib uuid.lib comdlg32.lib advapi32.lib && cd ."
        FAILED: cmTC_74b6a.exe 
        C:\\Windows\\system32\\cmd.exe /C "cd . && C:\\Users\\Administrator\\AppData\\Local\\vcpkg\\downloads\\tools\\cmake-3.30.1-windows\\cmake-3.30.1-windows-i386\\bin\\cmake.exe -E vs_link_exe --intdir=CMakeFiles\\cmTC_74b6a.dir --rc=H:\\WINDOW~1\\10\\bin\\100261~1.0\\x64\\rc.exe --mt=H:\\WINDOW~1\\10\\bin\\100261~1.0\\x64\\mt.exe --manifests  -- "H:\\Program Files\\MICROS~1\\2022\\COMMUN~1\\VC\\Tools\\MSVC\\1444~1.352\\bin\\Hostx64\\x86\\link.exe" /nologo CMakeFiles\\cmTC_74b6a.dir\\CheckFunctionExists.cxx.obj  /out:cmTC_74b6a.exe /implib:cmTC_74b6a.lib /pdb:cmTC_74b6a.pdb /version:0.0 /machine:X86  /nologo    /debug /INCREMENTAL /subsystem:console  pthread.lib  kernel32.lib user32.lib gdi32.lib winspool.lib shell32.lib ole32.lib oleaut32.lib uuid.lib comdlg32.lib advapi32.lib && cd ."
        LINK Pass 1: command "H:\\Program Files\\MICROS~1\\2022\\COMMUN~1\\VC\\Tools\\MSVC\\1444~1.352\\bin\\Hostx64\\x86\\link.exe /nologo CMakeFiles\\cmTC_74b6a.dir\\CheckFunctionExists.cxx.obj /out:cmTC_74b6a.exe /implib:cmTC_74b6a.lib /pdb:cmTC_74b6a.pdb /version:0.0 /machine:X86 /nologo /debug /INCREMENTAL /subsystem:console pthread.lib kernel32.lib user32.lib gdi32.lib winspool.lib shell32.lib ole32.lib oleaut32.lib uuid.lib comdlg32.lib advapi32.lib /MANIFEST /MANIFESTFILE:CMakeFiles\\cmTC_74b6a.dir/intermediate.manifest CMakeFiles\\cmTC_74b6a.dir/manifest.res" failed (exit code 1104) with the following output:
        LINK : fatal error LNK1104: 无法打开文件“pthread.lib”\x0d
        ninja: build stopped: subcommand failed.
        
      exitCode: 1
...
