[1/1] "C:/Users/Administrator/AppData/Local/vcpkg/downloads/tools/cmake-3.30.1-windows/cmake-3.30.1-windows-i386/bin/cmake.exe" -E chdir ".." "C:/Users/Administrator/AppData/Local/vcpkg/downloads/tools/cmake-3.30.1-windows/cmake-3.30.1-windows-i386/bin/cmake.exe" "C:/Users/Administrator/Desktop/Taskbar-Lyrics/vcpkg_installed/vcpkg/blds/cpp-httplib/src/v0.20.0-734454df38.clean" "-G" "Ninja" "-DCMAKE_BUILD_TYPE=Release" "-DCMAKE_INSTALL_PREFIX=C:/Users/Administrator/Desktop/Taskbar-Lyrics/vcpkg_installed/vcpkg/pkgs/cpp-httplib_x86-windows" "-DFETCHCONTENT_FULLY_DISCONNECTED=ON" "-DHTTPLIB_REQUIRE_BROTLI=ON" "-DHTTPLIB_REQUIRE_OPENSSL=OFF" "-DHTTPLIB_REQUIRE_ZLIB=OFF" "-DHTTPLIB_REQUIRE_ZSTD=OFF" "-DHTTPLIB_USE_OPENSSL_IF_AVAILABLE=OFF" "-DHTTPLIB_USE_ZLIB_IF_AVAILABLE=OFF" "-DHTTPLIB_USE_BROTLI_IF_AVAILABLE=OFF" "-DHTTPLIB_USE_ZSTD_IF_AVAILABLE=OFF" "-DCMAKE_MAKE_PROGRAM=H:/Program Files/Microsoft Visual Studio/2022/Community/Common7/IDE/CommonExtensions/Microsoft/CMake/Ninja/ninja.exe" "-DBUILD_SHARED_LIBS=ON" "-DVCPKG_CHAINLOAD_TOOLCHAIN_FILE=H:/Program Files/Microsoft Visual Studio/2022/Community/VC/vcpkg/scripts/toolchains/windows.cmake" "-DVCPKG_TARGET_TRIPLET=x86-windows" "-DVCPKG_SET_CHARSET_FLAG=ON" "-DVCPKG_PLATFORM_TOOLSET=v143" "-DCMAKE_EXPORT_NO_PACKAGE_REGISTRY=ON" "-DCMAKE_FIND_PACKAGE_NO_PACKAGE_REGISTRY=ON" "-DCMAKE_FIND_PACKAGE_NO_SYSTEM_PACKAGE_REGISTRY=ON" "-DCMAKE_INSTALL_SYSTEM_RUNTIME_LIBS_SKIP=TRUE" "-DCMAKE_VERBOSE_MAKEFILE=ON" "-DVCPKG_APPLOCAL_DEPS=OFF" "-DCMAKE_TOOLCHAIN_FILE=H:/Program Files/Microsoft Visual Studio/2022/Community/VC/vcpkg/scripts/buildsystems/vcpkg.cmake" "-DCMAKE_ERROR_ON_ABSOLUTE_INSTALL_DESTINATION=ON" "-DVCPKG_CXX_FLAGS=" "-DVCPKG_CXX_FLAGS_RELEASE=" "-DVCPKG_CXX_FLAGS_DEBUG=" "-DVCPKG_C_FLAGS=" "-DVCPKG_C_FLAGS_RELEASE=" "-DVCPKG_C_FLAGS_DEBUG=" "-DVCPKG_CRT_LINKAGE=dynamic" "-DVCPKG_LINKER_FLAGS=" "-DVCPKG_LINKER_FLAGS_RELEASE=" "-DVCPKG_LINKER_FLAGS_DEBUG=" "-DVCPKG_TARGET_ARCHITECTURE=x86" "-DCMAKE_INSTALL_LIBDIR:STRING=lib" "-DCMAKE_INSTALL_BINDIR:STRING=bin" "-D_VCPKG_ROOT_DIR=H:/Program Files/Microsoft Visual Studio/2022/Community/VC/vcpkg" "-D_VCPKG_INSTALLED_DIR=C:/Users/Administrator/Desktop/Taskbar-Lyrics/vcpkg_installed" "-DVCPKG_MANIFEST_INSTALL=OFF"
-- The CXX compiler identification is MSVC 19.44.35209.0
-- Detecting CXX compiler ABI info
-- Detecting CXX compiler ABI info - done
-- Check for working CXX compiler: H:/Program Files/Microsoft Visual Studio/2022/Community/VC/Tools/MSVC/14.44.35207/bin/Hostx64/x86/cl.exe - skipped
-- Detecting CXX compile features
-- Detecting CXX compile features - done
-- Performing Test CMAKE_HAVE_LIBC_PTHREAD
-- Performing Test CMAKE_HAVE_LIBC_PTHREAD - Failed
-- Looking for pthread_create in pthreads
-- Looking for pthread_create in pthreads - not found
-- Looking for pthread_create in pthread
-- Looking for pthread_create in pthread - not found
-- Found Threads: TRUE
-- Configuring done (2.5s)
-- Generating done (0.1s)
CMake Warning:
  Manually-specified variables were not used by the project:

    FETCHCONTENT_FULLY_DISCONNECTED
    _VCPKG_ROOT_DIR


-- Build files have been written to: C:/Users/Administrator/Desktop/Taskbar-Lyrics/vcpkg_installed/vcpkg/blds/cpp-httplib/x86-windows-rel
